<?xml version="1.0" encoding="UTF-8"?>
<!-- Generated by org.testng.reporters.JUnitXMLReporter -->
<testsuite ignored="2" hostname="DESKTOP-UITE9RG" failures="0" tests="0" time="0.031" errors="0" timestamp="2022-06-04T09:35:55 SGT">
  <testcase classname="testCases.HotelsModuleFeaturesPage" name="@BeforeTest beforeTest" time="0.012">
    <failure type="java.lang.NullPointerException">
      <![CDATA[java.lang.NullPointerException
at pageObjects.HotelsModuleFeaturesPagePOM.<init>(HotelsModuleFeaturesPagePOM.java:18)
at testCases.HotelsModuleFeaturesPage.beforeTest(HotelsModuleFeaturesPage.java:16)
at com.intellij.rt.testng.IDEARemoteTestNG.run(IDEARemoteTestNG.java:66)
at com.intellij.rt.testng.RemoteTestNGStarter.main(RemoteTestNGStarter.java:109)
... Removed 21 stack frames]]>
    </failure>
  </testcase> <!-- @BeforeTest beforeTest -->
  <testcase classname="testCases.HotelsModuleFeaturesPage" name="@AfterTest afterTest" time="-1.654306555553E9">
    <skipped/>
  </testcase> <!-- @AfterTest afterTest -->
  <testcase classname="testCases.HotelsModuleFeaturesPage" name="checkTitle" time="0.0">
    <ignored/>
  </testcase> <!-- checkTitle -->
  <testcase classname="testCases.HotelsModuleFeaturesPage" name="checkURL" time="0.0">
    <ignored/>
  </testcase> <!-- checkURL -->
</testsuite>
