<?xml version="1.0" encoding="UTF-8"?>
<testng-results ignored="6" total="7" passed="1" failed="0" skipped="0">
  <reporter-output>
  </reporter-output>
  <suite started-at="2022-03-24T08:10:36 SGT" name="All Test Suite" finished-at="2022-03-24T08:10:45 SGT" duration-ms="8853">
    <groups>
    </groups>
    <test started-at="2022-03-24T08:10:36 SGT" name="C:/Users/hal19/IdeaProjects/TestPhpTravels" finished-at="2022-03-24T08:10:45 SGT" duration-ms="8853">
      <class name="testCases.MainFeaturesPage">
        <test-method is-config="true" signature="setup(java.lang.String)[pri:0, instance:testCases.MainFeaturesPage@b2c9a9c]" started-at="2022-03-24T08:10:36 SGT" name="setup" finished-at="2022-03-24T08:10:43 SGT" duration-ms="6143" status="PASS">
          <params>
            <param index="0">
              <value>
                <![CDATA[chrome]]>
              </value>
            </param>
          </params>
          <reporter-output>
          </reporter-output>
        </test-method> <!-- setup -->
        <test-method signature="checkBannerIsDisplayed()[pri:0, instance:testCases.MainFeaturesPage@b2c9a9c]" started-at="2022-03-24T08:10:43 SGT" name="checkBannerIsDisplayed" finished-at="2022-03-24T08:10:43 SGT" duration-ms="737" status="PASS">
          <reporter-output>
          </reporter-output>
        </test-method> <!-- checkBannerIsDisplayed -->
        <test-method is-config="true" signature="teardown()[pri:0, instance:testCases.MainFeaturesPage@b2c9a9c]" started-at="2022-03-24T08:10:43 SGT" name="teardown" finished-at="2022-03-24T08:10:45 SGT" duration-ms="1440" status="PASS">
          <reporter-output>
          </reporter-output>
        </test-method> <!-- teardown -->
      </class> <!-- testCases.MainFeaturesPage -->
    </test> <!-- C:/Users/hal19/IdeaProjects/TestPhpTravels -->
  </suite> <!-- All Test Suite -->
</testng-results>
