<?xml version="1.0" encoding="UTF-8"?>
<testng-results ignored="21" total="22" passed="1" failed="0" skipped="0">
  <reporter-output>
  </reporter-output>
  <suite started-at="2022-03-16T07:30:23 SGT" name="All Test Suite" finished-at="2022-03-16T07:30:42 SGT" duration-ms="19125">
    <groups>
    </groups>
    <test started-at="2022-03-16T07:30:23 SGT" name="C:/Users/hal19/IdeaProjects/TestPhpTravels" finished-at="2022-03-16T07:30:42 SGT" duration-ms="19125">
      <class name="testCases.ProductServices">
        <test-method is-config="true" signature="setup(java.lang.String)[pri:0, instance:testCases.ProductServices@58a9760d]" started-at="2022-03-16T07:30:23 SGT" name="setup" finished-at="2022-03-16T07:30:27 SGT" duration-ms="4293" status="PASS">
          <params>
            <param index="0">
              <value>
                <![CDATA[chrome]]>
              </value>
            </param>
          </params>
          <reporter-output>
          </reporter-output>
        </test-method> <!-- setup -->
        <test-method signature="checkTheLinkForJsonAPI()[pri:0, instance:testCases.ProductServices@58a9760d]" started-at="2022-03-16T07:30:27 SGT" name="checkTheLinkForJsonAPI" finished-at="2022-03-16T07:30:41 SGT" duration-ms="13809" status="PASS">
          <reporter-output>
          </reporter-output>
        </test-method> <!-- checkTheLinkForJsonAPI -->
        <test-method is-config="true" signature="teardown()[pri:0, instance:testCases.ProductServices@58a9760d]" started-at="2022-03-16T07:30:41 SGT" name="teardown" finished-at="2022-03-16T07:30:42 SGT" duration-ms="726" status="PASS">
          <reporter-output>
          </reporter-output>
        </test-method> <!-- teardown -->
      </class> <!-- testCases.ProductServices -->
    </test> <!-- C:/Users/hal19/IdeaProjects/TestPhpTravels -->
  </suite> <!-- All Test Suite -->
</testng-results>
